<?xml version="1.0" encoding="UTF-8"?>
<!-- Generated by org.testng.reporters.JUnitReportReporter -->
<testsuite hostname="RushiBhagwat" failures="0" tests="1" name="runner.TestRunner" time="0.371" errors="1" timestamp="2024-11-30T14:12:50 IST" skipped="0">
  <testcase classname="runner.TestRunner" name="setUpClass" time="0.371">
    <error message="Failed to parse resource at: file:///C:/Users/rushi/IdeaProjects/CucumberCrashCourse/src/test/java/FeatureFiles/LoginPage.feature
(3:1): expected: #EOF, #Comment, #BackgroundLine, #TagLine, #ScenarioLine, #RuleLine, #Empty, got &#039;As a user of the opencart website&#039;
(4:1): expected: #EOF, #Comment, #BackgroundLine, #TagLine, #ScenarioLine, #RuleLine, #Empty, got &#039;I want to be able to login with my account&#039;
(5:1): expected: #EOF, #Comment, #BackgroundLine, #TagLine, #ScenarioLine, #RuleLine, #Empty, got &#039;So that I can access my account related features and manage my orders&#039;" type="io.cucumber.core.gherkin.FeatureParserException">
      <![CDATA[io.cucumber.core.gherkin.FeatureParserException: Failed to parse resource at: file:///C:/Users/rushi/IdeaProjects/CucumberCrashCourse/src/test/java/FeatureFiles/LoginPage.feature
(3:1): expected: #EOF, #Comment, #BackgroundLine, #TagLine, #ScenarioLine, #RuleLine, #Empty, got 'As a user of the opencart website'
(4:1): expected: #EOF, #Comment, #BackgroundLine, #TagLine, #ScenarioLine, #RuleLine, #Empty, got 'I want to be able to login with my account'
(5:1): expected: #EOF, #Comment, #BackgroundLine, #TagLine, #ScenarioLine, #RuleLine, #Empty, got 'So that I can access my account related features and manage my orders'
at io.cucumber.core.gherkin.messages.GherkinMessagesFeatureParser.parse(GherkinMessagesFeatureParser.java:56)
at io.cucumber.core.feature.FeatureParser.parseResource(FeatureParser.java:46)
at java.base/java.util.function.BiFunction.lambda$andThen$0(BiFunction.java:70)
at io.cucumber.core.resource.ResourceScanner.lambda$processResource$1(ResourceScanner.java:79)
at io.cucumber.core.resource.PathScanner$ResourceFileVisitor.visitFile(PathScanner.java:75)
at io.cucumber.core.resource.PathScanner$ResourceFileVisitor.visitFile(PathScanner.java:60)
at java.base/java.nio.file.Files.walkFileTree(Files.java:2811)
at io.cucumber.core.resource.PathScanner.findResourcesForPath(PathScanner.java:53)
at io.cucumber.core.resource.PathScanner.findResourcesForUri(PathScanner.java:31)
at io.cucumber.core.resource.ResourceScanner.findResourcesForUri(ResourceScanner.java:61)
at io.cucumber.core.resource.ResourceScanner.scanForResourcesUri(ResourceScanner.java:134)
at io.cucumber.core.runtime.FeaturePathFeatureSupplier.loadFeatures(FeaturePathFeatureSupplier.java:62)
at io.cucumber.core.runtime.FeaturePathFeatureSupplier.get(FeaturePathFeatureSupplier.java:45)
at io.cucumber.testng.TestNGCucumberRunner.<init>(TestNGCucumberRunner.java:122)
at io.cucumber.testng.AbstractTestNGCucumberTests.setUpClass(AbstractTestNGCucumberTests.java:27)
at java.base/jdk.internal.reflect.NativeMethodAccessorImpl.invoke0(Native Method)
at java.base/jdk.internal.reflect.NativeMethodAccessorImpl.invoke(NativeMethodAccessorImpl.java:77)
at java.base/jdk.internal.reflect.DelegatingMethodAccessorImpl.invoke(DelegatingMethodAccessorImpl.java:43)
at java.base/java.lang.reflect.Method.invoke(Method.java:568)
at org.testng.internal.invokers.MethodInvocationHelper.invokeMethod(MethodInvocationHelper.java:139)
at org.testng.internal.invokers.MethodInvocationHelper.invokeMethodConsideringTimeout(MethodInvocationHelper.java:69)
at org.testng.internal.invokers.ConfigInvoker.invokeConfigurationMethod(ConfigInvoker.java:393)
at org.testng.internal.invokers.ConfigInvoker.invokeConfigurations(ConfigInvoker.java:326)
at org.testng.internal.invokers.TestMethodWorker.invokeBeforeClassMethods(TestMethodWorker.java:180)
at org.testng.internal.invokers.TestMethodWorker.run(TestMethodWorker.java:122)
at java.base/java.util.concurrent.Executors$RunnableAdapter.call(Executors.java:539)
at java.base/java.util.concurrent.FutureTask.run(FutureTask.java:264)
at org.testng.internal.thread.graph.TestNGFutureTask.run(TestNGFutureTask.java:22)
at java.base/java.util.concurrent.ThreadPoolExecutor.runWorker(ThreadPoolExecutor.java:1136)
at java.base/java.util.concurrent.ThreadPoolExecutor$Worker.run(ThreadPoolExecutor.java:635)
at java.base/java.lang.Thread.run(Thread.java:833)
]]>
    </error>
  </testcase> <!-- setUpClass -->
</testsuite> <!-- runner.TestRunner -->
