<?xml version="1.0" encoding="UTF-8"?>
<!-- Generated by org.testng.reporters.JUnitXMLReporter -->
<<<<<<< HEAD
<testsuite ignored="0" hostname="RushiBhagwat" failures="0" tests="4" name="Login Page Test" time="53.44" errors="0" timestamp="2025-03-01T12:17:58 IST">
  <testcase classname="io.cucumber.testng.AbstractTestNGCucumberTests" name="runScenario" time="46.906"/>
  <testcase classname="io.cucumber.testng.AbstractTestNGCucumberTests" name="runScenario" time="46.907"/>
  <testcase classname="io.cucumber.testng.AbstractTestNGCucumberTests" name="runScenario" time="49.009"/>
  <testcase classname="io.cucumber.testng.AbstractTestNGCucumberTests" name="runScenario" time="50.046"/>
=======
<testsuite ignored="0" hostname="RushiBhagwat" failures="0" tests="0" name="Login Page Test" time="0.417" errors="0" timestamp="2024-11-30T14:12:50 IST">
  <testcase classname="io.cucumber.testng.AbstractTestNGCucumberTests" name="@BeforeClass setUpClass" time="0.371">
    <failure type="io.cucumber.core.gherkin.FeatureParserException" message="Failed to parse resource at: file:///C:/Users/rushi/IdeaProjects/CucumberCrashCourse/src/test/java/FeatureFiles/LoginPage.feature
(3:1): expected: #EOF, #Comment, #BackgroundLine, #TagLine, #ScenarioLine, #RuleLine, #Empty, got &amp;apos;As a user of the opencart website&amp;apos;
(4:1): expected: #EOF, #Comment, #BackgroundLine, #TagLine, #ScenarioLine, #RuleLine, #Empty, got &amp;apos;I want to be able to login with my account&amp;apos;
(5:1): expected: #EOF, #Comment, #BackgroundLine, #TagLine, #ScenarioLine, #RuleLine, #Empty, got &amp;apos;So that I can access my account related features and manage my orders&amp;apos;">
      <![CDATA[io.cucumber.core.gherkin.FeatureParserException: Failed to parse resource at: file:///C:/Users/rushi/IdeaProjects/CucumberCrashCourse/src/test/java/FeatureFiles/LoginPage.feature
(3:1): expected: #EOF, #Comment, #BackgroundLine, #TagLine, #ScenarioLine, #RuleLine, #Empty, got 'As a user of the opencart website'
(4:1): expected: #EOF, #Comment, #BackgroundLine, #TagLine, #ScenarioLine, #RuleLine, #Empty, got 'I want to be able to login with my account'
(5:1): expected: #EOF, #Comment, #BackgroundLine, #TagLine, #ScenarioLine, #RuleLine, #Empty, got 'So that I can access my account related features and manage my orders'
at io.cucumber.core.gherkin.messages.GherkinMessagesFeatureParser.parse(GherkinMessagesFeatureParser.java:56)
at io.cucumber.core.feature.FeatureParser.parseResource(FeatureParser.java:46)
at java.base/java.util.function.BiFunction.lambda$andThen$0(BiFunction.java:70)
at io.cucumber.core.resource.ResourceScanner.lambda$processResource$1(ResourceScanner.java:79)
at io.cucumber.core.resource.PathScanner$ResourceFileVisitor.visitFile(PathScanner.java:75)
at io.cucumber.core.resource.PathScanner$ResourceFileVisitor.visitFile(PathScanner.java:60)
at java.base/java.nio.file.Files.walkFileTree(Files.java:2811)
at io.cucumber.core.resource.PathScanner.findResourcesForPath(PathScanner.java:53)
at io.cucumber.core.resource.PathScanner.findResourcesForUri(PathScanner.java:31)
at io.cucumber.core.resource.ResourceScanner.findResourcesForUri(ResourceScanner.java:61)
at io.cucumber.core.resource.ResourceScanner.scanForResourcesUri(ResourceScanner.java:134)
at io.cucumber.core.runtime.FeaturePathFeatureSupplier.loadFeatures(FeaturePathFeatureSupplier.java:62)
at io.cucumber.core.runtime.FeaturePathFeatureSupplier.get(FeaturePathFeatureSupplier.java:45)
at io.cucumber.testng.TestNGCucumberRunner.<init>(TestNGCucumberRunner.java:122)
at io.cucumber.testng.AbstractTestNGCucumberTests.setUpClass(AbstractTestNGCucumberTests.java:27)
at java.base/java.util.concurrent.Executors$RunnableAdapter.call(Executors.java:539)
at java.base/java.util.concurrent.FutureTask.run(FutureTask.java:264)
at java.base/java.util.concurrent.ThreadPoolExecutor.runWorker(ThreadPoolExecutor.java:1136)
at java.base/java.util.concurrent.ThreadPoolExecutor$Worker.run(ThreadPoolExecutor.java:635)
at java.base/java.lang.Thread.run(Thread.java:833)
... Removed 11 stack frames]]>
    </failure>
  </testcase> <!-- @BeforeClass setUpClass -->
>>>>>>> c37f0d5a5d1200c9083217060daac123180dbce7
</testsuite> <!-- Login Page Test -->
